<?xml version="1.0" encoding="UTF-8"?>
<testsuite xmlns:xsi="http://www.w3.org/2001/XMLSchema-instance" xsi:noNamespaceSchemaLocation="https://maven.apache.org/surefire/maven-surefire-plugin/xsd/surefire-test-report-3.0.xsd" version="3.0" name="kkconverter.UnitTests" time="2,190.155" tests="43" errors="0" skipped="0" failures="0">
  <properties>
    <property name="sun.desktop" value="windows"/>
    <property name="awt.toolkit" value="sun.awt.windows.WToolkit"/>
    <property name="java.specification.version" value="12"/>
    <property name="sun.cpu.isalist" value="amd64"/>
    <property name="sun.jnu.encoding" value="Cp1252"/>
    <property name="java.class.path" value="C:\MavenProjects\kkconverter\target\test-classes;C:\MavenProjects\kkconverter\target\classes;C:\Users\Dobrynin\.m2\repository\junit\junit\4.12\junit-4.12.jar;C:\Users\Dobrynin\.m2\repository\org\hamcrest\hamcrest-core\1.3\hamcrest-core-1.3.jar;C:\Users\Dobrynin\.m2\repository\org\junit\jupiter\junit-jupiter\5.7.0-M1\junit-jupiter-5.7.0-M1.jar;C:\Users\Dobrynin\.m2\repository\org\junit\jupiter\junit-jupiter-api\5.7.0-M1\junit-jupiter-api-5.7.0-M1.jar;C:\Users\Dobrynin\.m2\repository\org\apiguardian\apiguardian-api\1.1.0\apiguardian-api-1.1.0.jar;C:\Users\Dobrynin\.m2\repository\org\opentest4j\opentest4j\1.2.0\opentest4j-1.2.0.jar;C:\Users\Dobrynin\.m2\repository\org\junit\platform\junit-platform-commons\1.7.0-M1\junit-platform-commons-1.7.0-M1.jar;C:\Users\Dobrynin\.m2\repository\org\junit\jupiter\junit-jupiter-params\5.7.0-M1\junit-jupiter-params-5.7.0-M1.jar;C:\Users\Dobrynin\.m2\repository\org\junit\jupiter\junit-jupiter-engine\5.7.0-M1\junit-jupiter-engine-5.7.0-M1.jar;C:\Users\Dobrynin\.m2\repository\org\junit\platform\junit-platform-engine\1.7.0-M1\junit-platform-engine-1.7.0-M1.jar;C:\Users\Dobrynin\.m2\repository\org\apache\commons\commons-lang3\3.10\commons-lang3-3.10.jar;C:\Users\Dobrynin\.m2\repository\javax\jms\javax.jms-api\2.0.1\javax.jms-api-2.0.1.jar;C:\Users\Dobrynin\.m2\repository\org\apache\activemq\activemq-client\5.15.12\activemq-client-5.15.12.jar;C:\Users\Dobrynin\.m2\repository\org\slf4j\slf4j-api\1.7.25\slf4j-api-1.7.25.jar;C:\Users\Dobrynin\.m2\repository\org\apache\geronimo\specs\geronimo-jms_1.1_spec\1.1.1\geronimo-jms_1.1_spec-1.1.1.jar;C:\Users\Dobrynin\.m2\repository\org\fusesource\hawtbuf\hawtbuf\1.11\hawtbuf-1.11.jar;C:\Users\Dobrynin\.m2\repository\org\apache\geronimo\specs\geronimo-j2ee-management_1.1_spec\1.0.1\geronimo-j2ee-management_1.1_spec-1.0.1.jar;C:\Users\Dobrynin\.m2\repository\org\slf4j\slf4j-simple\1.7.30\slf4j-simple-1.7.30.jar;c:\Tools\apache-maven-3.6.1\lib\ojdbc10.jar;"/>
    <property name="java.vm.vendor" value="Oracle Corporation"/>
    <property name="sun.arch.data.model" value="64"/>
    <property name="user.variant" value=""/>
    <property name="java.vendor.url" value="https://java.oracle.com/"/>
    <property name="user.timezone" value="Europe/Samara"/>
    <property name="os.name" value="Windows 7"/>
    <property name="java.vm.specification.version" value="12"/>
    <property name="sun.java.launcher" value="SUN_STANDARD"/>
    <property name="user.country" value="RU"/>
    <property name="sun.boot.library.path" value="C:\Program Files\Java\jdk-12.0.1\bin"/>
    <property name="sun.java.command" value="C:\Users\Dobrynin\AppData\Local\Temp\surefire1607799856555792602\surefirebooter14041672043910365501.jar C:\Users\Dobrynin\AppData\Local\Temp\surefire1607799856555792602 2020-06-08T11-35-03_406-jvmRun1 surefire14940250140608831675tmp surefire_015854138311973915896tmp"/>
    <property name="jdk.debug" value="release"/>
    <property name="test" value="UnitTests"/>
    <property name="surefire.test.class.path" value="C:\MavenProjects\kkconverter\target\test-classes;C:\MavenProjects\kkconverter\target\classes;C:\Users\Dobrynin\.m2\repository\junit\junit\4.12\junit-4.12.jar;C:\Users\Dobrynin\.m2\repository\org\hamcrest\hamcrest-core\1.3\hamcrest-core-1.3.jar;C:\Users\Dobrynin\.m2\repository\org\junit\jupiter\junit-jupiter\5.7.0-M1\junit-jupiter-5.7.0-M1.jar;C:\Users\Dobrynin\.m2\repository\org\junit\jupiter\junit-jupiter-api\5.7.0-M1\junit-jupiter-api-5.7.0-M1.jar;C:\Users\Dobrynin\.m2\repository\org\apiguardian\apiguardian-api\1.1.0\apiguardian-api-1.1.0.jar;C:\Users\Dobrynin\.m2\repository\org\opentest4j\opentest4j\1.2.0\opentest4j-1.2.0.jar;C:\Users\Dobrynin\.m2\repository\org\junit\platform\junit-platform-commons\1.7.0-M1\junit-platform-commons-1.7.0-M1.jar;C:\Users\Dobrynin\.m2\repository\org\junit\jupiter\junit-jupiter-params\5.7.0-M1\junit-jupiter-params-5.7.0-M1.jar;C:\Users\Dobrynin\.m2\repository\org\junit\jupiter\junit-jupiter-engine\5.7.0-M1\junit-jupiter-engine-5.7.0-M1.jar;C:\Users\Dobrynin\.m2\repository\org\junit\platform\junit-platform-engine\1.7.0-M1\junit-platform-engine-1.7.0-M1.jar;C:\Users\Dobrynin\.m2\repository\org\apache\commons\commons-lang3\3.10\commons-lang3-3.10.jar;C:\Users\Dobrynin\.m2\repository\javax\jms\javax.jms-api\2.0.1\javax.jms-api-2.0.1.jar;C:\Users\Dobrynin\.m2\repository\org\apache\activemq\activemq-client\5.15.12\activemq-client-5.15.12.jar;C:\Users\Dobrynin\.m2\repository\org\slf4j\slf4j-api\1.7.25\slf4j-api-1.7.25.jar;C:\Users\Dobrynin\.m2\repository\org\apache\geronimo\specs\geronimo-jms_1.1_spec\1.1.1\geronimo-jms_1.1_spec-1.1.1.jar;C:\Users\Dobrynin\.m2\repository\org\fusesource\hawtbuf\hawtbuf\1.11\hawtbuf-1.11.jar;C:\Users\Dobrynin\.m2\repository\org\apache\geronimo\specs\geronimo-j2ee-management_1.1_spec\1.0.1\geronimo-j2ee-management_1.1_spec-1.0.1.jar;C:\Users\Dobrynin\.m2\repository\org\slf4j\slf4j-simple\1.7.30\slf4j-simple-1.7.30.jar;c:\Tools\apache-maven-3.6.1\lib\ojdbc10.jar;"/>
    <property name="sun.cpu.endian" value="little"/>
    <property name="user.home" value="C:\Users\Dobrynin"/>
    <property name="user.language" value="ru"/>
    <property name="java.specification.vendor" value="Oracle Corporation"/>
    <property name="java.version.date" value="2019-04-16"/>
    <property name="java.home" value="C:\Program Files\Java\jdk-12.0.1"/>
    <property name="file.separator" value="\"/>
    <property name="basedir" value="C:\MavenProjects\kkconverter"/>
    <property name="java.vm.compressedOopsMode" value="32-bit"/>
    <property name="line.separator" value="&#10;"/>
    <property name="java.vm.specification.vendor" value="Oracle Corporation"/>
    <property name="java.specification.name" value="Java Platform API Specification"/>
    <property name="java.awt.graphicsenv" value="sun.awt.Win32GraphicsEnvironment"/>
    <property name="surefire.real.class.path" value="C:\Users\Dobrynin\AppData\Local\Temp\surefire1607799856555792602\surefirebooter14041672043910365501.jar"/>
    <property name="user.script" value=""/>
    <property name="sun.management.compiler" value="HotSpot 64-Bit Tiered Compilers"/>
    <property name="java.runtime.version" value="12.0.1+12"/>
    <property name="user.name" value="Dobrynin"/>
    <property name="path.separator" value=";"/>
    <property name="os.version" value="6.1"/>
    <property name="java.runtime.name" value="Java(TM) SE Runtime Environment"/>
    <property name="file.encoding" value="Cp1251"/>
    <property name="arg" value="stage"/>
    <property name="java.vm.name" value="Java HotSpot(TM) 64-Bit Server VM"/>
    <property name="localRepository" value="C:\Users\Dobrynin\.m2\repository"/>
    <property name="java.vendor.url.bug" value="https://bugreport.java.com/bugreport/"/>
    <property name="java.io.tmpdir" value="C:\Users\Dobrynin\AppData\Local\Temp\"/>
    <property name="java.version" value="12.0.1"/>
    <property name="user.dir" value="C:\MavenProjects\kkconverter"/>
    <property name="os.arch" value="amd64"/>
    <property name="java.vm.specification.name" value="Java Virtual Machine Specification"/>
    <property name="sun.os.patch.level" value="Service Pack 1"/>
    <property name="java.library.path" value="C:\Program Files\Java\jdk-12.0.1\bin;C:\Windows\Sun\Java\bin;C:\Windows\system32;C:\Windows;C:\Program Files (x86)\Common Files\Oracle\Java\javapath;C:\ProgramData\Oracle\Java\javapath;C:\Program Files (x86)\Intel\iCLS Client\;C:\Program Files\Intel\iCLS Client\;C:\Windows\system32;C:\Windows;C:\Windows\System32\Wbem;C:\Windows\System32\WindowsPowerShell\v1.0\;C:\Program Files (x86)\Intel\Intel(R) Management Engine Components\DAL;C:\Program Files\Intel\Intel(R) Management Engine Components\DAL;C:\Program Files (x86)\Intel\Intel(R) Management Engine Components\IPT;C:\Program Files\Intel\Intel(R) Management Engine Components\IPT;C:\Program Files\Common Files\ThinPrint\;C:\Program Files\dotnet\;C:\Program Files\Microsoft SQL Server\130\Tools\Binn\;C:\Program Files (x86)\Microsoft SQL Server\Client SDK\ODBC\110\Tools\Binn\;C:\Program Files (x86)\Microsoft SQL Server\120\Tools\Binn\ManagementStudio\;C:\Program Files (x86)\Microsoft SQL Server\120\Tools\Binn\;C:\Program Files (x86)\Microsoft SQL Server\120\DTS\Binn\;C:\Program Files\Java\jdk-12.0.1\bin;C:\Tools\apache-maven-3.6.1\bin;C:\Program Files\Git\cmd;C:\Program Files\PuTTY\;C:\Users\Dobrynin\AppData\Local\GitHubDesktop\bin;C:\Users\Dobrynin\AppData\Local\atom\bin;C:\Program Files\Java\jdk-12.0.1\ bin;C:\Tools\apache-maven-3.6.1\ bin;% PATH%;;."/>
    <property name="java.vm.info" value="mixed mode, sharing"/>
    <property name="java.vendor" value="Oracle Corporation"/>
    <property name="java.vm.version" value="12.0.1+12"/>
    <property name="sun.io.unicode.encoding" value="UnicodeLittle"/>
    <property name="java.class.version" value="56.0"/>
  </properties>
  <testcase name="KKadinsure_11001" classname="kkconverter.UnitTests" time="51.781"/>
  <testcase name="KKadinsure_12001" classname="kkconverter.UnitTests" time="50.7"/>
  <testcase name="KKadinsure_20001" classname="kkconverter.UnitTests" time="50.732"/>
  <testcase name="KKadinsure_20002" classname="kkconverter.UnitTests" time="50.769"/>
  <testcase name="KKadinsure_20003" classname="kkconverter.UnitTests" time="50.7"/>
  <testcase name="KKadinsure_20004" classname="kkconverter.UnitTests" time="50.739"/>
  <testcase name="KKadinsure_20005" classname="kkconverter.UnitTests" time="50.681"/>
  <testcase name="KKadinsure_20006" classname="kkconverter.UnitTests" time="50.703"/>
  <testcase name="KKadinsure_30001" classname="kkconverter.UnitTests" time="51.025"/>
  <testcase name="KKadinsure_30002" classname="kkconverter.UnitTests" time="51.031"/>
  <testcase name="KKadinsure_30003" classname="kkconverter.UnitTests" time="50.755"/>
  <testcase name="KKadinsure_30004" classname="kkconverter.UnitTests" time="50.721"/>
  <testcase name="KKadinsure_30005" classname="kkconverter.UnitTests" time="50.715"/>
  <testcase name="KKadinsure_30006" classname="kkconverter.UnitTests" time="50.719"/>
  <testcase name="KKadinsure_30007" classname="kkconverter.UnitTests" time="50.713"/>
  <testcase name="KKadinsure_30008" classname="kkconverter.UnitTests" time="50.812"/>
  <testcase name="KKadinsure_30009" classname="kkconverter.UnitTests" time="50.753"/>
  <testcase name="KKadinsure_70001" classname="kkconverter.UnitTests" time="50.713"/>
  <testcase name="KKadinsure_70002" classname="kkconverter.UnitTests" time="50.684"/>
  <testcase name="KKadinsure_80001" classname="kkconverter.UnitTests" time="50.704"/>
  <testcase name="KKadinsure_80002" classname="kkconverter.UnitTests" time="50.727"/>
  <testcase name="KKadinsure_80003" classname="kkconverter.UnitTests" time="50.672"/>
  <testcase name="KKadinsure_80004" classname="kkconverter.UnitTests" time="50.703"/>
  <testcase name="KKadinsure_80005" classname="kkconverter.UnitTests" time="50.706"/>
  <testcase name="KKadinsure_110001" classname="kkconverter.UnitTests" time="50.686"/>
  <testcase name="KKadinsure_110002" classname="kkconverter.UnitTests" time="51.104"/>
  <testcase name="KKadinsure_110003" classname="kkconverter.UnitTests" time="51.006"/>
  <testcase name="KKadinsure_110004" classname="kkconverter.UnitTests" time="50.66"/>
  <testcase name="KKadinsure_110105" classname="kkconverter.UnitTests" time="50.706"/>
  <testcase name="KKadinsure_120001" classname="kkconverter.UnitTests" time="50.694"/>
  <testcase name="KKadinsure_140001" classname="kkconverter.UnitTests" time="50.706"/>
  <testcase name="KKadinsure_140002" classname="kkconverter.UnitTests" time="50.695"/>
  <testcase name="KKadinsure_150000" classname="kkconverter.UnitTests" time="50.691"/>
  <testcase name="KKadinsure_150001" classname="kkconverter.UnitTests" time="51.094"/>
  <testcase name="KKadinsure_150002" classname="kkconverter.UnitTests" time="51.132"/>
  <testcase name="KKadinsure_1" classname="kkconverter.UnitTests" time="50.684"/>
  <testcase name="KKadinsure_2" classname="kkconverter.UnitTests" time="54.184"/>
  <testcase name="KKadinsure_3" classname="kkconverter.UnitTests" time="51.586"/>
  <testcase name="KKadinsure_4" classname="kkconverter.UnitTests" time="51.145"/>
  <testcase name="KKadinsure_5" classname="kkconverter.UnitTests" time="50.892"/>
  <testcase name="KKadinsure_6" classname="kkconverter.UnitTests" time="51.218"/>
  <testcase name="KKadinsure_7" classname="kkconverter.UnitTests" time="50.974"/>
  <testcase name="KKadinsure_8" classname="kkconverter.UnitTests" time="51.332"/>
</testsuite>